[AI] Prediction: Benign | Confidence: 100.0%
[AI] Prediction: Benign | Confidence: 100.0%
[AI] Prediction: Benign | Confidence: 100.0%
[AI] Prediction: Benign | Confidence: 100.0%
[AI] Prediction: Benign | Confidence: 100.0%
[AI] Prediction: Benign | Confidence: 100.0%
[2026-02-25 22:32:04] ⚠️  ALERT: HIGH FILE ACTIVITY: 50 events in 5s
[2026-02-25 22:32:04] ⚠️  ALERT: HIGH FILE ACTIVITY: 51 events in 5s
[2026-02-25 22:32:04] ⚠️  ALERT: HIGH FILE ACTIVITY: 52 events in 5s
[2026-02-25 22:32:04] ⚠️  ALERT: HIGH FILE ACTIVITY: 53 events in 5s
[2026-02-25 22:32:04] ⚠️  ALERT: HIGH FILE ACTIVITY: 54 events in 5s
[2026-02-25 22:32:04] ⚠️  ALERT: HIGH FILE ACTIVITY: 55 events in 5s
[2026-02-25 22:32:04] ⚠️  ALERT: HIGH FILE ACTIVITY: 56 events in 5s
[2026-02-25 22:32:04] ⚠️  ALERT: HIGH FILE ACTIVITY: 57 events in 5s
[2026-02-25 22:32:04] ⚠️  ALERT: HIGH FILE ACTIVITY: 58 events in 5s
[2026-02-25 22:32:04] ⚠️  ALERT: HIGH FILE ACTIVITY: 59 events in 5s
[2026-02-25 22:32:04] ⚠️  ALERT: HIGH FILE ACTIVITY: 60 events in 5s
[2026-02-25 22:32:04] ⚠️  ALERT: HIGH FILE ACTIVITY: 61 events in 5s
[2026-02-25 22:32:04] ⚠️  ALERT: HIGH FILE ACTIVITY: 62 events in 5s
[2026-02-25 22:32:04] ⚠️  ALERT: HIGH FILE ACTIVITY: 63 events in 5s
[2026-02-25 22:32:04] ⚠️  ALERT: HIGH FILE ACTIVITY: 64 events in 5s
[2026-02-25 22:32:04] ⚠️  ALERT: HIGH FILE ACTIVITY: 65 events in 5s
[2026-02-25 22:32:04] ⚠️  ALERT: HIGH FILE ACTIVITY: 66 events in 5s
[2026-02-25 22:32:04] ⚠️  ALERT: HIGH FILE ACTIVITY: 67 events in 5s
[2026-02-25 22:32:04] ⚠️  ALERT: HIGH FILE ACTIVITY: 68 events in 5s
[2026-02-25 22:32:04] ⚠️  ALERT: HIGH FILE ACTIVITY: 69 events in 5s
[2026-02-25 22:32:04] ⚠️  ALERT: HIGH FILE ACTIVITY: 70 events in 5s
[2026-02-25 22:32:04] ⚠️  ALERT: HIGH FILE ACTIVITY: 71 events in 5s
[2026-02-25 22:32:04] ⚠️  ALERT: HIGH FILE ACTIVITY: 72 events in 5s
[2026-02-25 22:32:04] ⚠️  ALERT: HIGH FILE ACTIVITY: 73 events in 5s
[2026-02-25 22:32:04] ⚠️  ALERT: HIGH FILE ACTIVITY: 74 events in 5s
[2026-02-25 22:32:04] ⚠️  ALERT: HIGH FILE ACTIVITY: 75 events in 5s
[2026-02-25 22:32:04] ⚠️  ALERT: HIGH FILE ACTIVITY: 76 events in 5s
[2026-02-25 22:32:04] ⚠️  ALERT: HIGH FILE ACTIVITY: 77 events in 5s
[2026-02-25 22:32:04] ⚠️  ALERT: HIGH FILE ACTIVITY: 78 events in 5s
[2026-02-25 22:32:04] ⚠️  ALERT: HIGH FILE ACTIVITY: 79 events in 5s
[2026-02-25 22:32:04] ⚠️  ALERT: HIGH FILE ACTIVITY: 80 events in 5s
[2026-02-25 22:32:04] ⚠️  ALERT: HIGH FILE ACTIVITY: 81 events in 5s
[2026-02-25 22:32:04] ⚠️  ALERT: HIGH FILE ACTIVITY: 82 events in 5s
[2026-02-25 22:32:04] ⚠️  ALERT: HIGH FILE ACTIVITY: 83 events in 5s
[2026-02-25 22:32:04] ⚠️  ALERT: HIGH FILE ACTIVITY: 84 events in 5s
[2026-02-25 22:32:04] ⚠️  ALERT: HIGH FILE ACTIVITY: 85 events in 5s
[2026-02-25 22:32:04] ⚠️  ALERT: HIGH FILE ACTIVITY: 86 events in 5s
[2026-02-25 22:32:04] ⚠️  ALERT: HIGH FILE ACTIVITY: 87 events in 5s
[2026-02-25 22:32:04] ⚠️  ALERT: HIGH FILE ACTIVITY: 88 events in 5s
[2026-02-25 22:32:04] ⚠️  ALERT: HIGH FILE ACTIVITY: 89 events in 5s
[2026-02-25 22:32:04] ⚠️  ALERT: HIGH FILE ACTIVITY: 90 events in 5s
[2026-02-25 22:32:04] ⚠️  ALERT: HIGH FILE ACTIVITY: 91 events in 5s
[2026-02-25 22:32:04] ⚠️  ALERT: HIGH FILE ACTIVITY: 92 events in 5s
[2026-02-25 22:32:04] ⚠️  ALERT: HIGH FILE ACTIVITY: 93 events in 5s
[2026-02-25 22:32:04] ⚠️  ALERT: HIGH FILE ACTIVITY: 94 events in 5s
[2026-02-25 22:32:04] ⚠️  ALERT: HIGH FILE ACTIVITY: 95 events in 5s
[2026-02-25 22:32:04] ⚠️  ALERT: HIGH FILE ACTIVITY: 96 events in 5s
[2026-02-25 22:32:04] ⚠️  ALERT: HIGH FILE ACTIVITY: 97 events in 5s
[2026-02-25 22:32:04] ⚠️  ALERT: HIGH FILE ACTIVITY: 98 events in 5s
[2026-02-25 22:32:04] ⚠️  ALERT: HIGH FILE ACTIVITY: 99 events in 5s
[2026-02-25 22:32:04] ⚠️  ALERT: HIGH FILE ACTIVITY: 100 events in 5s
[2026-02-25 22:32:04] ⚠️  ALERT: HIGH FILE ACTIVITY: 101 events in 5s
[2026-02-25 22:32:04] ⚠️  ALERT: SUSPICIOUS RENAME: ./watch_dir\test_simulation\document_0.txt → ./watch_dir\test_simulation\document_0.locked
[2026-02-25 22:32:04] ⚠️  ALERT: HIGH FILE ACTIVITY: 102 events in 5s
[2026-02-25 22:32:04] ⚠️  ALERT: SUSPICIOUS RENAME: ./watch_dir\test_simulation\document_1.txt → ./watch_dir\test_simulation\document_1.locked
[2026-02-25 22:32:04] ⚠️  ALERT: HIGH FILE ACTIVITY: 103 events in 5s
[2026-02-25 22:32:04] ⚠️  ALERT: SUSPICIOUS RENAME: ./watch_dir\test_simulation\document_2.txt → ./watch_dir\test_simulation\document_2.locked
[2026-02-25 22:32:04] ⚠️  ALERT: HIGH FILE ACTIVITY: 104 events in 5s
[2026-02-25 22:32:04] ⚠️  ALERT: SUSPICIOUS RENAME: ./watch_dir\test_simulation\document_3.txt → ./watch_dir\test_simulation\document_3.locked
[2026-02-25 22:32:04] ⚠️  ALERT: HIGH FILE ACTIVITY: 105 events in 5s
[2026-02-25 22:32:05] ⚠️  ALERT: SUSPICIOUS RENAME: ./watch_dir\test_simulation\document_4.txt → ./watch_dir\test_simulation\document_4.locked
[2026-02-25 22:32:05] ⚠️  ALERT: HIGH FILE ACTIVITY: 106 events in 5s
[2026-02-25 22:32:05] ⚠️  ALERT: SUSPICIOUS RENAME: ./watch_dir\test_simulation\document_5.txt → ./watch_dir\test_simulation\document_5.locked
[2026-02-25 22:32:05] ⚠️  ALERT: HIGH FILE ACTIVITY: 107 events in 5s
[2026-02-25 22:32:05] ⚠️  ALERT: SUSPICIOUS RENAME: ./watch_dir\test_simulation\document_6.txt → ./watch_dir\test_simulation\document_6.locked
[2026-02-25 22:32:05] ⚠️  ALERT: HIGH FILE ACTIVITY: 108 events in 5s
[2026-02-25 22:32:05] ⚠️  ALERT: SUSPICIOUS RENAME: ./watch_dir\test_simulation\document_7.txt → ./watch_dir\test_simulation\document_7.locked
[2026-02-25 22:32:05] ⚠️  ALERT: HIGH FILE ACTIVITY: 109 events in 5s
[2026-02-25 22:32:06] ⚠️  ALERT: SUSPICIOUS RENAME: ./watch_dir\test_simulation\document_8.txt → ./watch_dir\test_simulation\document_8.locked
[2026-02-25 22:32:06] ⚠️  ALERT: HIGH FILE ACTIVITY: 110 events in 5s
[2026-02-25 22:32:06] ⚠️  ALERT: SUSPICIOUS RENAME: ./watch_dir\test_simulation\document_9.txt → ./watch_dir\test_simulation\document_9.locked
[2026-02-25 22:32:06] ⚠️  ALERT: HIGH FILE ACTIVITY: 111 events in 5s
[2026-02-25 22:32:06] ⚠️  ALERT: SUSPICIOUS RENAME: ./watch_dir\test_simulation\document_10.txt → ./watch_dir\test_simulation\document_10.locked
[2026-02-25 22:32:06] ⚠️  ALERT: HIGH FILE ACTIVITY: 112 events in 5s
[2026-02-25 22:32:06] ⚠️  ALERT: SUSPICIOUS RENAME: ./watch_dir\test_simulation\document_11.txt → ./watch_dir\test_simulation\document_11.locked
[2026-02-25 22:32:06] ⚠️  ALERT: HIGH FILE ACTIVITY: 113 events in 5s
[2026-02-25 22:32:06] ⚠️  ALERT: SUSPICIOUS RENAME: ./watch_dir\test_simulation\document_12.txt → ./watch_dir\test_simulation\document_12.locked
[2026-02-25 22:32:06] ⚠️  ALERT: HIGH FILE ACTIVITY: 114 events in 5s
[2026-02-25 22:32:06] ⚠️  ALERT: SUSPICIOUS RENAME: ./watch_dir\test_simulation\document_13.txt → ./watch_dir\test_simulation\document_13.locked
[2026-02-25 22:32:06] ⚠️  ALERT: HIGH FILE ACTIVITY: 115 events in 5s
[2026-02-25 22:32:06] ⚠️  ALERT: SUSPICIOUS RENAME: ./watch_dir\test_simulation\document_14.txt → ./watch_dir\test_simulation\document_14.locked
[2026-02-25 22:32:06] ⚠️  ALERT: HIGH FILE ACTIVITY: 116 events in 5s
[2026-02-25 22:32:06] ⚠️  ALERT: SUSPICIOUS RENAME: ./watch_dir\test_simulation\document_15.txt → ./watch_dir\test_simulation\document_15.locked
[2026-02-25 22:32:06] ⚠️  ALERT: HIGH FILE ACTIVITY: 117 events in 5s
[2026-02-25 22:32:06] ⚠️  ALERT: SUSPICIOUS RENAME: ./watch_dir\test_simulation\document_16.txt → ./watch_dir\test_simulation\document_16.locked
[2026-02-25 22:32:06] ⚠️  ALERT: HIGH FILE ACTIVITY: 118 events in 5s
[2026-02-25 22:32:06] ⚠️  ALERT: SUSPICIOUS RENAME: ./watch_dir\test_simulation\document_17.txt → ./watch_dir\test_simulation\document_17.locked
[2026-02-25 22:32:06] ⚠️  ALERT: HIGH FILE ACTIVITY: 119 events in 5s
[2026-02-25 22:32:06] ⚠️  ALERT: SUSPICIOUS RENAME: ./watch_dir\test_simulation\document_18.txt → ./watch_dir\test_simulation\document_18.locked
[2026-02-25 22:32:06] ⚠️  ALERT: HIGH FILE ACTIVITY: 120 events in 5s
[2026-02-25 22:32:06] ⚠️  ALERT: SUSPICIOUS RENAME: ./watch_dir\test_simulation\document_19.txt → ./watch_dir\test_simulation\document_19.locked
[2026-02-25 22:32:06] ⚠️  ALERT: HIGH FILE ACTIVITY: 121 events in 5s
[2026-02-25 22:32:06] ⚠️  ALERT: SUSPICIOUS RENAME: ./watch_dir\test_simulation\document_20.txt → ./watch_dir\test_simulation\document_20.locked
[2026-02-25 22:32:06] ⚠️  ALERT: HIGH FILE ACTIVITY: 122 events in 5s
[2026-02-25 22:32:06] ⚠️  ALERT: SUSPICIOUS RENAME: ./watch_dir\test_simulation\document_21.txt → ./watch_dir\test_simulation\document_21.locked
[2026-02-25 22:32:06] ⚠️  ALERT: HIGH FILE ACTIVITY: 123 events in 5s
[2026-02-25 22:32:06] ⚠️  ALERT: SUSPICIOUS RENAME: ./watch_dir\test_simulation\document_22.txt → ./watch_dir\test_simulation\document_22.locked
[2026-02-25 22:32:06] ⚠️  ALERT: HIGH FILE ACTIVITY: 124 events in 5s
[2026-02-25 22:32:06] ⚠️  ALERT: SUSPICIOUS RENAME: ./watch_dir\test_simulation\document_23.txt → ./watch_dir\test_simulation\document_23.locked
[2026-02-25 22:32:06] ⚠️  ALERT: HIGH FILE ACTIVITY: 125 events in 5s
[2026-02-25 22:32:06] ⚠️  ALERT: SUSPICIOUS RENAME: ./watch_dir\test_simulation\document_24.txt → ./watch_dir\test_simulation\document_24.locked
[2026-02-25 22:32:06] ⚠️  ALERT: HIGH FILE ACTIVITY: 126 events in 5s
[2026-02-25 22:32:06] ⚠️  ALERT: SUSPICIOUS RENAME: ./watch_dir\test_simulation\document_25.txt → ./watch_dir\test_simulation\document_25.locked
[2026-02-25 22:32:06] ⚠️  ALERT: HIGH FILE ACTIVITY: 127 events in 5s
[2026-02-25 22:32:06] ⚠️  ALERT: SUSPICIOUS RENAME: ./watch_dir\test_simulation\document_26.txt → ./watch_dir\test_simulation\document_26.locked
[2026-02-25 22:32:06] ⚠️  ALERT: HIGH FILE ACTIVITY: 128 events in 5s
[2026-02-25 22:32:06] ⚠️  ALERT: SUSPICIOUS RENAME: ./watch_dir\test_simulation\document_27.txt → ./watch_dir\test_simulation\document_27.locked
[2026-02-25 22:32:06] ⚠️  ALERT: HIGH FILE ACTIVITY: 129 events in 5s
[2026-02-25 22:32:06] ⚠️  ALERT: SUSPICIOUS RENAME: ./watch_dir\test_simulation\document_28.txt → ./watch_dir\test_simulation\document_28.locked
[2026-02-25 22:32:06] ⚠️  ALERT: HIGH FILE ACTIVITY: 130 events in 5s
[2026-02-25 22:32:06] ⚠️  ALERT: SUSPICIOUS RENAME: ./watch_dir\test_simulation\document_29.txt → ./watch_dir\test_simulation\document_29.locked
[2026-02-25 22:32:06] ⚠️  ALERT: HIGH FILE ACTIVITY: 131 events in 5s
[2026-02-25 22:32:06] ⚠️  ALERT: SUSPICIOUS RENAME: ./watch_dir\test_simulation\document_30.txt → ./watch_dir\test_simulation\document_30.locked
[2026-02-25 22:32:06] ⚠️  ALERT: HIGH FILE ACTIVITY: 132 events in 5s
[2026-02-25 22:32:06] ⚠️  ALERT: SUSPICIOUS RENAME: ./watch_dir\test_simulation\document_31.txt → ./watch_dir\test_simulation\document_31.locked
[2026-02-25 22:32:06] ⚠️  ALERT: HIGH FILE ACTIVITY: 133 events in 5s
[2026-02-25 22:32:06] ⚠️  ALERT: SUSPICIOUS RENAME: ./watch_dir\test_simulation\document_32.txt → ./watch_dir\test_simulation\document_32.locked
[2026-02-25 22:32:06] ⚠️  ALERT: HIGH FILE ACTIVITY: 134 events in 5s
[2026-02-25 22:32:06] ⚠️  ALERT: SUSPICIOUS RENAME: ./watch_dir\test_simulation\document_33.txt → ./watch_dir\test_simulation\document_33.locked
[2026-02-25 22:32:06] ⚠️  ALERT: HIGH FILE ACTIVITY: 135 events in 5s
[2026-02-25 22:32:06] ⚠️  ALERT: SUSPICIOUS RENAME: ./watch_dir\test_simulation\document_34.txt → ./watch_dir\test_simulation\document_34.locked
[2026-02-25 22:32:06] ⚠️  ALERT: HIGH FILE ACTIVITY: 136 events in 5s
[2026-02-25 22:32:06] ⚠️  ALERT: SUSPICIOUS RENAME: ./watch_dir\test_simulation\document_35.txt → ./watch_dir\test_simulation\document_35.locked
[2026-02-25 22:32:06] ⚠️  ALERT: HIGH FILE ACTIVITY: 137 events in 5s
[2026-02-25 22:32:06] ⚠️  ALERT: SUSPICIOUS RENAME: ./watch_dir\test_simulation\document_36.txt → ./watch_dir\test_simulation\document_36.locked
[2026-02-25 22:32:06] ⚠️  ALERT: HIGH FILE ACTIVITY: 138 events in 5s
[2026-02-25 22:32:06] ⚠️  ALERT: SUSPICIOUS RENAME: ./watch_dir\test_simulation\document_37.txt → ./watch_dir\test_simulation\document_37.locked
[2026-02-25 22:32:06] ⚠️  ALERT: HIGH FILE ACTIVITY: 139 events in 5s
[2026-02-25 22:32:06] ⚠️  ALERT: SUSPICIOUS RENAME: ./watch_dir\test_simulation\document_38.txt → ./watch_dir\test_simulation\document_38.locked
[2026-02-25 22:32:06] ⚠️  ALERT: HIGH FILE ACTIVITY: 140 events in 5s
[2026-02-25 22:32:06] ⚠️  ALERT: SUSPICIOUS RENAME: ./watch_dir\test_simulation\document_39.txt → ./watch_dir\test_simulation\document_39.locked
[2026-02-25 22:32:06] ⚠️  ALERT: HIGH FILE ACTIVITY: 141 events in 5s
[2026-02-25 22:32:06] ⚠️  ALERT: SUSPICIOUS RENAME: ./watch_dir\test_simulation\document_40.txt → ./watch_dir\test_simulation\document_40.locked
[2026-02-25 22:32:06] ⚠️  ALERT: HIGH FILE ACTIVITY: 142 events in 5s
[2026-02-25 22:32:06] ⚠️  ALERT: SUSPICIOUS RENAME: ./watch_dir\test_simulation\document_41.txt → ./watch_dir\test_simulation\document_41.locked
[2026-02-25 22:32:06] ⚠️  ALERT: HIGH FILE ACTIVITY: 143 events in 5s
[2026-02-25 22:32:06] ⚠️  ALERT: SUSPICIOUS RENAME: ./watch_dir\test_simulation\document_42.txt → ./watch_dir\test_simulation\document_42.locked
[2026-02-25 22:32:06] ⚠️  ALERT: HIGH FILE ACTIVITY: 144 events in 5s
[2026-02-25 22:32:06] ⚠️  ALERT: SUSPICIOUS RENAME: ./watch_dir\test_simulation\document_43.txt → ./watch_dir\test_simulation\document_43.locked
[2026-02-25 22:32:06] ⚠️  ALERT: HIGH FILE ACTIVITY: 145 events in 5s
[2026-02-25 22:32:06] ⚠️  ALERT: SUSPICIOUS RENAME: ./watch_dir\test_simulation\document_44.txt → ./watch_dir\test_simulation\document_44.locked
[2026-02-25 22:32:06] ⚠️  ALERT: HIGH FILE ACTIVITY: 146 events in 5s
[2026-02-25 22:32:06] ⚠️  ALERT: SUSPICIOUS RENAME: ./watch_dir\test_simulation\document_45.txt → ./watch_dir\test_simulation\document_45.locked
[2026-02-25 22:32:06] ⚠️  ALERT: HIGH FILE ACTIVITY: 147 events in 5s
[2026-02-25 22:32:06] ⚠️  ALERT: SUSPICIOUS RENAME: ./watch_dir\test_simulation\document_46.txt → ./watch_dir\test_simulation\document_46.locked
[2026-02-25 22:32:06] ⚠️  ALERT: HIGH FILE ACTIVITY: 148 events in 5s
[2026-02-25 22:32:06] ⚠️  ALERT: SUSPICIOUS RENAME: ./watch_dir\test_simulation\document_47.txt → ./watch_dir\test_simulation\document_47.locked
[2026-02-25 22:32:06] ⚠️  ALERT: HIGH FILE ACTIVITY: 149 events in 5s
[2026-02-25 22:32:06] ⚠️  ALERT: SUSPICIOUS RENAME: ./watch_dir\test_simulation\document_48.txt → ./watch_dir\test_simulation\document_48.locked
[2026-02-25 22:32:06] ⚠️  ALERT: HIGH FILE ACTIVITY: 150 events in 5s
[2026-02-25 22:32:06] ⚠️  ALERT: SUSPICIOUS RENAME: ./watch_dir\test_simulation\document_49.txt → ./watch_dir\test_simulation\document_49.locked
[2026-02-25 22:32:06] ⚠️  ALERT: HIGH FILE ACTIVITY: 151 events in 5s
[2026-02-25 22:32:06] ⚠️  ALERT: HIGH FILE ACTIVITY: 152 events in 5s
[2026-02-25 22:32:06] ⚠️  ALERT: HIGH ENTROPY FILE: ./watch_dir\test_simulation\encrypted_0.enc (entropy=7.9853)
[2026-02-25 22:32:06] ⚠️  ALERT: HIGH FILE ACTIVITY: 153 events in 5s
[2026-02-25 22:32:06] ⚠️  ALERT: HIGH FILE ACTIVITY: 154 events in 5s
[2026-02-25 22:32:06] ⚠️  ALERT: HIGH ENTROPY FILE: ./watch_dir\test_simulation\encrypted_1.enc (entropy=7.9834)
[2026-02-25 22:32:06] ⚠️  ALERT: HIGH FILE ACTIVITY: 155 events in 5s
[2026-02-25 22:32:06] ⚠️  ALERT: HIGH FILE ACTIVITY: 156 events in 5s
[2026-02-25 22:32:06] ⚠️  ALERT: HIGH ENTROPY FILE: ./watch_dir\test_simulation\encrypted_2.enc (entropy=7.9823)
[2026-02-25 22:32:06] ⚠️  ALERT: HIGH FILE ACTIVITY: 157 events in 5s
[2026-02-25 22:32:06] ⚠️  ALERT: HIGH FILE ACTIVITY: 158 events in 5s
[2026-02-25 22:32:06] ⚠️  ALERT: HIGH ENTROPY FILE: ./watch_dir\test_simulation\encrypted_3.enc (entropy=7.9818)
[2026-02-25 22:32:06] ⚠️  ALERT: HIGH FILE ACTIVITY: 159 events in 5s
[2026-02-25 22:32:06] ⚠️  ALERT: HIGH FILE ACTIVITY: 160 events in 5s
[2026-02-25 22:32:06] ⚠️  ALERT: HIGH ENTROPY FILE: ./watch_dir\test_simulation\encrypted_4.enc (entropy=7.9848)
[2026-02-25 22:32:06] ⚠️  ALERT: HIGH FILE ACTIVITY: 161 events in 5s
[2026-02-25 22:32:06] ⚠️  ALERT: HIGH FILE ACTIVITY: 162 events in 5s
[2026-02-25 22:32:06] ⚠️  ALERT: HIGH ENTROPY FILE: ./watch_dir\test_simulation\encrypted_5.enc (entropy=7.9824)
[2026-02-25 22:32:06] ⚠️  ALERT: HIGH FILE ACTIVITY: 163 events in 5s
[2026-02-25 22:32:06] ⚠️  ALERT: HIGH FILE ACTIVITY: 164 events in 5s
[2026-02-25 22:32:06] ⚠️  ALERT: HIGH ENTROPY FILE: ./watch_dir\test_simulation\encrypted_6.enc (entropy=7.9796)
[2026-02-25 22:32:06] ⚠️  ALERT: HIGH FILE ACTIVITY: 165 events in 5s
[2026-02-25 22:32:06] ⚠️  ALERT: HIGH FILE ACTIVITY: 166 events in 5s
[2026-02-25 22:32:06] ⚠️  ALERT: HIGH ENTROPY FILE: ./watch_dir\test_simulation\encrypted_7.enc (entropy=7.9811)
[2026-02-25 22:32:06] ⚠️  ALERT: HIGH FILE ACTIVITY: 167 events in 5s
[2026-02-25 22:32:06] ⚠️  ALERT: HIGH FILE ACTIVITY: 168 events in 5s
[2026-02-25 22:32:06] ⚠️  ALERT: HIGH ENTROPY FILE: ./watch_dir\test_simulation\encrypted_8.enc (entropy=7.9795)
[2026-02-25 22:32:06] ⚠️  ALERT: HIGH FILE ACTIVITY: 169 events in 5s
[2026-02-25 22:32:06] ⚠️  ALERT: HIGH FILE ACTIVITY: 170 events in 5s
[2026-02-25 22:32:06] ⚠️  ALERT: HIGH ENTROPY FILE: ./watch_dir\test_simulation\encrypted_9.enc (entropy=7.9836)
[AI] Prediction: Malware | Confidence: 65.0%
[2026-02-25 22:32:12] ⚠️  ALERT: HIGH ENTROPY FILE: ./watch_dir\test_simulation\encrypted_9.enc (entropy=7.9836)
[2026-02-25 22:32:12] ⚠️  ALERT: HIGH ENTROPY FILE: ./watch_dir\test_simulation\encrypted_8.enc (entropy=7.9795)
[2026-02-25 22:32:12] ⚠️  ALERT: HIGH ENTROPY FILE: ./watch_dir\test_simulation\encrypted_7.enc (entropy=7.9811)
[2026-02-25 22:32:12] ⚠️  ALERT: HIGH ENTROPY FILE: ./watch_dir\test_simulation\encrypted_6.enc (entropy=7.9796)
[2026-02-25 22:32:12] ⚠️  ALERT: HIGH ENTROPY FILE: ./watch_dir\test_simulation\encrypted_5.enc (entropy=7.9824)
[2026-02-25 22:32:13] ⚠️  ALERT: HIGH ENTROPY FILE: ./watch_dir\test_simulation\encrypted_4.enc (entropy=7.9848)
[2026-02-25 22:32:13] ⚠️  ALERT: HIGH ENTROPY FILE: ./watch_dir\test_simulation\encrypted_3.enc (entropy=7.9818)
[2026-02-25 22:32:13] ⚠️  ALERT: HIGH ENTROPY FILE: ./watch_dir\test_simulation\encrypted_2.enc (entropy=7.9823)
[2026-02-25 22:32:13] ⚠️  ALERT: HIGH ENTROPY FILE: ./watch_dir\test_simulation\encrypted_1.enc (entropy=7.9834)
[2026-02-25 22:32:13] ⚠️  ALERT: HIGH ENTROPY FILE: ./watch_dir\test_simulation\encrypted_0.enc (entropy=7.9853)
[AI] Prediction: Malware | Confidence: 66.0%
[AI] Prediction: Malware | Confidence: 69.0%
[AI] Prediction: Malware | Confidence: 65.0%
[AI] Prediction: Malware | Confidence: 63.0%
[AI] Prediction: Malware | Confidence: 65.0%
[AI] Prediction: Malware | Confidence: 63.0%
[AI] Prediction: Benign | Confidence: 84.0%
[AI] Prediction: Benign | Confidence: 99.0%
